[SERVER] SERVER_START tcp_port=8080 udp_port=8081 stocks=30
[SERVER] PRICE_BROADCAST trigger=PERIODIC
[SERVER] PRICE_BROADCAST trigger=PERIODIC
[SERVER] PRICE_BROADCAST trigger=PERIODIC
[SERVER] CLIENT_CONNECTED fd=6 ip=127.0.0.1
[SERVER] JOIN username=alice type=TRADER fd=6
[SERVER] PRICE_BROADCAST trigger=PERIODIC
[SERVER] CLIENT_CONNECTED fd=8 ip=127.0.0.1
[SERVER] JOIN username=bob type=TRADER fd=8
[SERVER] PRICE_BROADCAST trigger=PERIODIC
[SERVER] CLIENT_CONNECTED fd=9 ip=127.0.0.1
[SERVER] JOIN username=charlie type=TRADER fd=9
[SERVER] PRICE_BROADCAST trigger=PERIODIC
[SERVER] PRICE_BROADCAST trigger=PERIODIC
[SERVER] CLIENT_CONNECTED fd=10 ip=127.0.0.1
[SERVER] JOIN username=analyst1 type=ANALYST fd=10
[SERVER] PRICE_BROADCAST trigger=PERIODIC
[SERVER] CLIENT_CONNECTED fd=11 ip=127.0.0.1
[SERVER] JOIN username=analyst2 type=ANALYST fd=11
[SERVER] PRICE_BROADCAST trigger=PERIODIC
[SERVER] PRICE_BROADCAST trigger=PERIODIC
[SERVER] PRICE_BROADCAST trigger=PERIODIC
[SERVER] BUY trader=alice symbol=AAPL qty=100 old_price=150.00 new_price=151.00
[SERVER] PRICE_BROADCAST trigger=TRADE
[SERVER] PRICE_BROADCAST trigger=PERIODIC
[SERVER] PRICE_BROADCAST trigger=PERIODIC
[SERVER] BUY trader=alice symbol=TSLA qty=50 old_price=250.00 new_price=250.50
[SERVER] PRICE_BROADCAST trigger=TRADE
[SERVER] PRICE_BROADCAST trigger=PERIODIC
[SERVER] PRICE_BROADCAST trigger=PERIODIC
[SERVER] BUY trader=bob symbol=MSFT qty=200 old_price=380.00 new_price=382.00
[SERVER] PRICE_BROADCAST trigger=TRADE
[SERVER] PRICE_BROADCAST trigger=PERIODIC
[SERVER] SELL trader=bob symbol=MSFT qty=100 old_price=382.00 new_price=381.00
[SERVER] PRICE_BROADCAST trigger=TRADE
[SERVER] PRICE_BROADCAST trigger=PERIODIC
[SERVER] PRICE_BROADCAST trigger=PERIODIC
[SERVER] BUY trader=charlie symbol=GOOGL qty=10 old_price=2800.00 new_price=2800.10
[SERVER] PRICE_BROADCAST trigger=TRADE
[SERVER] PRICE_BROADCAST trigger=PERIODIC
[SERVER] PRICE_BROADCAST trigger=PERIODIC
[SERVER] PRICE_BROADCAST trigger=PERIODIC
[SERVER] PRICE_BROADCAST trigger=PERIODIC
[SERVER] CLIENT_DISCONNECTED username=analyst2 reason=QUIT
[SERVER] CLIENT_DISCONNECTED username=analyst1 reason=QUIT
[SERVER] CLIENT_DISCONNECTED username=bob reason=QUIT
[SERVER] CLIENT_DISCONNECTED username=charlie reason=QUIT
[SERVER] PRICE_BROADCAST trigger=PERIODIC
[SERVER] CLIENT_DISCONNECTED username=alice reason=QUIT
[SERVER] PRICE_BROADCAST trigger=PERIODIC
[SERVER] PRICE_BROADCAST trigger=PERIODIC
[SERVER] SHUTDOWN signal=SIGINT
[SERVER] CLEANUP_DONE clients=0
