[2025-03-10 08:15:02] [ERROR] [kernel] Out of memory: kill process 4821
[2025-03-10 08:15:03] [WARN] [disk] Disk usage at 91% on /dev/sda1
[2025-03-10 08:15:04] [INFO] [nginx] Connection accepted from 192.168.1.5
[2025-03-10 08:15:05] [DEBUG] [auth] Token verified for user: admin
[2025-03-10 08:15:06] [ERROR] [kernel] Segfault in process 4822 core dumped
[2025-03-10 08:15:07] [WARN] [nginx] Retry attempt 3 of 5 for upstream
[2025-03-10 08:15:08] [ERROR] [kernel] error detected kill signal sent
[2025-03-10 08:15:09] [INFO] [auth] User login fail detected
[2025-03-10 08:15:10] [DEBUG] [disk] Disk error on sector 512[2025-03-10 08:15:02] [ERROR] [kernel] Out of memory: kill process 4821
[2025-03-10 08:15:03] [WARN] [disk] Disk usage at 91% on /dev/sda1
[2025-03-10 08:15:04] [INFO] [nginx] Connection accepted from 192.168.1.5
[2025-03-10 08:15:05] [DEBUG] [auth] Token verified for user: admin
[2025-03-10 08:15:06] [ERROR] [kernel] Segfault in process 4822 core dumped
[2025-03-10 08:15:07] [WARN] [nginx] Retry attempt 3 of 5 for upstream
[2025-03-10 08:15:08] [ERROR] [kernel] error detected kill signal sent
[2025-03-10 08:15:09] [INFO] [auth] User login fail detected
[2025-03-10 08:15:10] [DEBUG] [disk] Disk error on sector 512[2025-03-10 08:15:02] [ERROR] [kernel] Out of memory: kill process 4821
[2025-03-10 08:15:03] [WARN] [disk] Disk usage at 91% on /dev/sda1
[2025-03-10 08:15:04] [INFO] [nginx] Connection accepted from 192.168.1.5
[2025-03-10 08:15:05] [DEBUG] [auth] Token verified for user: admin
[2025-03-10 08:15:06] [ERROR] [kernel] Segfault in process 4822 core dumped
[2025-03-10 08:15:07] [WARN] [nginx] Retry attempt 3 of 5 for upstream
[2025-03-10 08:15:08] [ERROR] [kernel] error detected kill signal sent
[2025-03-10 08:15:09] [INFO] [auth] User login fail detected
[2025-03-10 08:15:10] [DEBUG] [disk] Disk error on sector 512[2025-03-10 08:15:02] [ERROR] [kernel] Out of memory: kill process 4821
[2025-03-10 08:15:03] [WARN] [disk] Disk usage at 91% on /dev/sda1
[2025-03-10 08:15:04] [INFO] [nginx] Connection accepted from 192.168.1.5
[2025-03-10 08:15:05] [DEBUG] [auth] Token verified for user: admin
[2025-03-10 08:15:06] [ERROR] [kernel] Segfault in process 4822 core dumped
[2025-03-10 08:15:07] [WARN] [nginx] Retry attempt 3 of 5 for upstream
[2025-03-10 08:15:08] [ERROR] [kernel] error detected kill signal sent
[2025-03-10 08:15:09] [INFO] [auth] User login fail detected
[2025-03-10 08:15:10] [DEBUG] [disk] Disk error on sector 512[2025-03-10 08:15:02] [ERROR] [kernel] Out of memory: kill process 4821
[2025-03-10 08:15:03] [WARN] [disk] Disk usage at 91% on /dev/sda1
[2025-03-10 08:15:04] [INFO] [nginx] Connection accepted from 192.168.1.5
[2025-03-10 08:15:05] [DEBUG] [auth] Token verified for user: admin
[2025-03-10 08:15:06] [ERROR] [kernel] Segfault in process 4822 core dumped
[2025-03-10 08:15:07] [WARN] [nginx] Retry attempt 3 of 5 for upstream
[2025-03-10 08:15:08] [ERROR] [kernel] error detected kill signal sent
[2025-03-10 08:15:09] [INFO] [auth] User login fail detected
[2025-03-10 08:15:10] [DEBUG] [disk] Disk error on sector 512[2025-03-10 08:15:02] [ERROR] [kernel] Out of memory: kill process 4821
[2025-03-10 08:15:03] [WARN] [disk] Disk usage at 91% on /dev/sda1
[2025-03-10 08:15:04] [INFO] [nginx] Connection accepted from 192.168.1.5
[2025-03-10 08:15:05] [DEBUG] [auth] Token verified for user: admin
[2025-03-10 08:15:06] [ERROR] [kernel] Segfault in process 4822 core dumped
[2025-03-10 08:15:07] [WARN] [nginx] Retry attempt 3 of 5 for upstream
[2025-03-10 08:15:08] [ERROR] [kernel] error detected kill signal sent
[2025-03-10 08:15:09] [INFO] [auth] User login fail detected
[2025-03-10 08:15:10] [DEBUG] [disk] Disk error on sector 512[2025-03-10 08:15:02] [ERROR] [kernel] Out of memory: kill process 4821
[2025-03-10 08:15:03] [WARN] [disk] Disk usage at 91% on /dev/sda1
[2025-03-10 08:15:04] [INFO] [nginx] Connection accepted from 192.168.1.5
[2025-03-10 08:15:05] [DEBUG] [auth] Token verified for user: admin
[2025-03-10 08:15:06] [ERROR] [kernel] Segfault in process 4822 core dumped
[2025-03-10 08:15:07] [WARN] [nginx] Retry attempt 3 of 5 for upstream
[2025-03-10 08:15:08] [ERROR] [kernel] error detected kill signal sent
[2025-03-10 08:15:09] [INFO] [auth] User login fail detected
[2025-03-10 08:15:10] [DEBUG] [disk] Disk error on sector 512[2025-03-10 08:15:02] [ERROR] [kernel] Out of memory: kill process 4821
[2025-03-10 08:15:03] [WARN] [disk] Disk usage at 91% on /dev/sda1
[2025-03-10 08:15:04] [INFO] [nginx] Connection accepted from 192.168.1.5
[2025-03-10 08:15:05] [DEBUG] [auth] Token verified for user: admin
[2025-03-10 08:15:06] [ERROR] [kernel] Segfault in process 4822 core dumped
[2025-03-10 08:15:07] [WARN] [nginx] Retry attempt 3 of 5 for upstream
[2025-03-10 08:15:08] [ERROR] [kernel] error detected kill signal sent
[2025-03-10 08:15:09] [INFO] [auth] User login fail detected
[2025-03-10 08:15:10] [DEBUG] [disk] Disk error on sector 512[2025-03-10 08:15:02] [ERROR] [kernel] Out of memory: kill process 4821
[2025-03-10 08:15:03] [WARN] [disk] Disk usage at 91% on /dev/sda1
[2025-03-10 08:15:04] [INFO] [nginx] Connection accepted from 192.168.1.5
[2025-03-10 08:15:05] [DEBUG] [auth] Token verified for user: admin
[2025-03-10 08:15:06] [ERROR] [kernel] Segfault in process 4822 core dumped
[2025-03-10 08:15:07] [WARN] [nginx] Retry attempt 3 of 5 for upstream
[2025-03-10 08:15:08] [ERROR] [kernel] error detected kill signal sent
[2025-03-10 08:15:09] [INFO] [auth] User login fail detected
[2025-03-10 08:15:10] [DEBUG] [disk] Disk error on sector 512[2025-03-10 08:15:02] [ERROR] [kernel] Out of memory: kill process 4821
[2025-03-10 08:15:03] [WARN] [disk] Disk usage at 91% on /dev/sda1
[2025-03-10 08:15:04] [INFO] [nginx] Connection accepted from 192.168.1.5
[2025-03-10 08:15:05] [DEBUG] [auth] Token verified for user: admin
[2025-03-10 08:15:06] [ERROR] [kernel] Segfault in process 4822 core dumped
[2025-03-10 08:15:07] [WARN] [nginx] Retry attempt 3 of 5 for upstream
[2025-03-10 08:15:08] [ERROR] [kernel] error detected kill signal sent
[2025-03-10 08:15:09] [INFO] [auth] User login fail detected
[2025-03-10 08:15:10] [DEBUG] [disk] Disk error on sector 512[2025-03-10 08:15:02] [ERROR] [kernel] Out of memory: kill process 4821
[2025-03-10 08:15:03] [WARN] [disk] Disk usage at 91% on /dev/sda1
[2025-03-10 08:15:04] [INFO] [nginx] Connection accepted from 192.168.1.5
[2025-03-10 08:15:05] [DEBUG] [auth] Token verified for user: admin
[2025-03-10 08:15:06] [ERROR] [kernel] Segfault in process 4822 core dumped
[2025-03-10 08:15:07] [WARN] [nginx] Retry attempt 3 of 5 for upstream
[2025-03-10 08:15:08] [ERROR] [kernel] error detected kill signal sent
[2025-03-10 08:15:09] [INFO] [auth] User login fail detected
[2025-03-10 08:15:10] [DEBUG] [disk] Disk error on sector 512[2025-03-10 08:15:02] [ERROR] [kernel] Out of memory: kill process 4821
[2025-03-10 08:15:03] [WARN] [disk] Disk usage at 91% on /dev/sda1
[2025-03-10 08:15:04] [INFO] [nginx] Connection accepted from 192.168.1.5
[2025-03-10 08:15:05] [DEBUG] [auth] Token verified for user: admin
[2025-03-10 08:15:06] [ERROR] [kernel] Segfault in process 4822 core dumped
[2025-03-10 08:15:07] [WARN] [nginx] Retry attempt 3 of 5 for upstream
[2025-03-10 08:15:08] [ERROR] [kernel] error detected kill signal sent
[2025-03-10 08:15:09] [INFO] [auth] User login fail detected
[2025-03-10 08:15:10] [DEBUG] [disk] Disk error on sector 512[2025-03-10 08:15:02] [ERROR] [kernel] Out of memory: kill process 4821
[2025-03-10 08:15:03] [WARN] [disk] Disk usage at 91% on /dev/sda1
[2025-03-10 08:15:04] [INFO] [nginx] Connection accepted from 192.168.1.5
[2025-03-10 08:15:05] [DEBUG] [auth] Token verified for user: admin
[2025-03-10 08:15:06] [ERROR] [kernel] Segfault in process 4822 core dumped
[2025-03-10 08:15:07] [WARN] [nginx] Retry attempt 3 of 5 for upstream
[2025-03-10 08:15:08] [ERROR] [kernel] error detected kill signal sent
[2025-03-10 08:15:09] [INFO] [auth] User login fail detected
[2025-03-10 08:15:10] [DEBUG] [disk] Disk error on sector 512[2025-03-10 08:15:02] [ERROR] [kernel] Out of memory: kill process 4821
[2025-03-10 08:15:03] [WARN] [disk] Disk usage at 91% on /dev/sda1
[2025-03-10 08:15:04] [INFO] [nginx] Connection accepted from 192.168.1.5
[2025-03-10 08:15:05] [DEBUG] [auth] Token verified for user: admin
[2025-03-10 08:15:06] [ERROR] [kernel] Segfault in process 4822 core dumped
[2025-03-10 08:15:07] [WARN] [nginx] Retry attempt 3 of 5 for upstream
[2025-03-10 08:15:08] [ERROR] [kernel] error detected kill signal sent
[2025-03-10 08:15:09] [INFO] [auth] User login fail detected
[2025-03-10 08:15:10] [DEBUG] [disk] Disk error on sector 512[2025-03-10 08:15:02] [ERROR] [kernel] Out of memory: kill process 4821
[2025-03-10 08:15:03] [WARN] [disk] Disk usage at 91% on /dev/sda1
[2025-03-10 08:15:04] [INFO] [nginx] Connection accepted from 192.168.1.5
[2025-03-10 08:15:05] [DEBUG] [auth] Token verified for user: admin
[2025-03-10 08:15:06] [ERROR] [kernel] Segfault in process 4822 core dumped
[2025-03-10 08:15:07] [WARN] [nginx] Retry attempt 3 of 5 for upstream
[2025-03-10 08:15:08] [ERROR] [kernel] error detected kill signal sent
[2025-03-10 08:15:09] [INFO] [auth] User login fail detected
[2025-03-10 08:15:10] [DEBUG] [disk] Disk error on sector 512[2025-03-10 08:15:02] [ERROR] [kernel] Out of memory: kill process 4821
[2025-03-10 08:15:03] [WARN] [disk] Disk usage at 91% on /dev/sda1
[2025-03-10 08:15:04] [INFO] [nginx] Connection accepted from 192.168.1.5
[2025-03-10 08:15:05] [DEBUG] [auth] Token verified for user: admin
[2025-03-10 08:15:06] [ERROR] [kernel] Segfault in process 4822 core dumped
[2025-03-10 08:15:07] [WARN] [nginx] Retry attempt 3 of 5 for upstream
[2025-03-10 08:15:08] [ERROR] [kernel] error detected kill signal sent
[2025-03-10 08:15:09] [INFO] [auth] User login fail detected
[2025-03-10 08:15:10] [DEBUG] [disk] Disk error on sector 512[2025-03-10 08:15:02] [ERROR] [kernel] Out of memory: kill process 4821
[2025-03-10 08:15:03] [WARN] [disk] Disk usage at 91% on /dev/sda1
[2025-03-10 08:15:04] [INFO] [nginx] Connection accepted from 192.168.1.5
[2025-03-10 08:15:05] [DEBUG] [auth] Token verified for user: admin
[2025-03-10 08:15:06] [ERROR] [kernel] Segfault in process 4822 core dumped
[2025-03-10 08:15:07] [WARN] [nginx] Retry attempt 3 of 5 for upstream
[2025-03-10 08:15:08] [ERROR] [kernel] error detected kill signal sent
[2025-03-10 08:15:09] [INFO] [auth] User login fail detected
[2025-03-10 08:15:10] [DEBUG] [disk] Disk error on sector 512[2025-03-10 08:15:02] [ERROR] [kernel] Out of memory: kill process 4821
[2025-03-10 08:15:03] [WARN] [disk] Disk usage at 91% on /dev/sda1
[2025-03-10 08:15:04] [INFO] [nginx] Connection accepted from 192.168.1.5
[2025-03-10 08:15:05] [DEBUG] [auth] Token verified for user: admin
[2025-03-10 08:15:06] [ERROR] [kernel] Segfault in process 4822 core dumped
[2025-03-10 08:15:07] [WARN] [nginx] Retry attempt 3 of 5 for upstream
[2025-03-10 08:15:08] [ERROR] [kernel] error detected kill signal sent
[2025-03-10 08:15:09] [INFO] [auth] User login fail detected
[2025-03-10 08:15:10] [DEBUG] [disk] Disk error on sector 512[2025-03-10 08:15:02] [ERROR] [kernel] Out of memory: kill process 4821
[2025-03-10 08:15:03] [WARN] [disk] Disk usage at 91% on /dev/sda1
[2025-03-10 08:15:04] [INFO] [nginx] Connection accepted from 192.168.1.5
[2025-03-10 08:15:05] [DEBUG] [auth] Token verified for user: admin
[2025-03-10 08:15:06] [ERROR] [kernel] Segfault in process 4822 core dumped
[2025-03-10 08:15:07] [WARN] [nginx] Retry attempt 3 of 5 for upstream
[2025-03-10 08:15:08] [ERROR] [kernel] error detected kill signal sent
[2025-03-10 08:15:09] [INFO] [auth] User login fail detected
[2025-03-10 08:15:10] [DEBUG] [disk] Disk error on sector 512[2025-03-10 08:15:02] [ERROR] [kernel] Out of memory: kill process 4821
[2025-03-10 08:15:03] [WARN] [disk] Disk usage at 91% on /dev/sda1
[2025-03-10 08:15:04] [INFO] [nginx] Connection accepted from 192.168.1.5
[2025-03-10 08:15:05] [DEBUG] [auth] Token verified for user: admin
[2025-03-10 08:15:06] [ERROR] [kernel] Segfault in process 4822 core dumped
[2025-03-10 08:15:07] [WARN] [nginx] Retry attempt 3 of 5 for upstream
[2025-03-10 08:15:08] [ERROR] [kernel] error detected kill signal sent
[2025-03-10 08:15:09] [INFO] [auth] User login fail detected
[2025-03-10 08:15:10] [DEBUG] [disk] Disk error on sector 512[2025-03-10 09:00:01] [ERROR] [nginx] Connection fail on upstream server
[2025-03-10 09:00:02] [WARN] [disk] Disk error reading sector 1024
[2025-03-10 09:00:03] [INFO] [kernel] System timeout after 30s
[2025-03-10 09:00:04] [DEBUG] [auth] Login fail attempt from 10.0.0.1
[2025-03-10 09:00:05] [ERROR] [kernel] error in memory allocator fail
[2025-03-10 09:00:06] [WARN] [nginx] timeout on connection pool
[2025-03-10 09:00:07] [INVALID_LEVEL] [kernel] This line must be skipped
this line has no format at all
[2025-03-10 09:00:08] [INFO] [disk] timeout reached for disk flush
[2025-03-10 09:00:09] [ERROR] [auth] Authentication error kill session
[2025-03-10 09:00:10] [DEBUG] [nginx] Debug timeout check passed[2025-03-10 09:00:01] [ERROR] [nginx] Connection fail on upstream server
[2025-03-10 09:00:02] [WARN] [disk] Disk error reading sector 1024
[2025-03-10 09:00:03] [INFO] [kernel] System timeout after 30s
[2025-03-10 09:00:04] [DEBUG] [auth] Login fail attempt from 10.0.0.1
[2025-03-10 09:00:05] [ERROR] [kernel] error in memory allocator fail
[2025-03-10 09:00:06] [WARN] [nginx] timeout on connection pool
[2025-03-10 09:00:07] [INVALID_LEVEL] [kernel] This line must be skipped
this line has no format at all
[2025-03-10 09:00:08] [INFO] [disk] timeout reached for disk flush
[2025-03-10 09:00:09] [ERROR] [auth] Authentication error kill session
[2025-03-10 09:00:10] [DEBUG] [nginx] Debug timeout check passed[2025-03-10 09:00:01] [ERROR] [nginx] Connection fail on upstream server
[2025-03-10 09:00:02] [WARN] [disk] Disk error reading sector 1024
[2025-03-10 09:00:03] [INFO] [kernel] System timeout after 30s
[2025-03-10 09:00:04] [DEBUG] [auth] Login fail attempt from 10.0.0.1
[2025-03-10 09:00:05] [ERROR] [kernel] error in memory allocator fail
[2025-03-10 09:00:06] [WARN] [nginx] timeout on connection pool
[2025-03-10 09:00:07] [INVALID_LEVEL] [kernel] This line must be skipped
this line has no format at all
[2025-03-10 09:00:08] [INFO] [disk] timeout reached for disk flush
[2025-03-10 09:00:09] [ERROR] [auth] Authentication error kill session
[2025-03-10 09:00:10] [DEBUG] [nginx] Debug timeout check passed[2025-03-10 09:00:01] [ERROR] [nginx] Connection fail on upstream server
[2025-03-10 09:00:02] [WARN] [disk] Disk error reading sector 1024
[2025-03-10 09:00:03] [INFO] [kernel] System timeout after 30s
[2025-03-10 09:00:04] [DEBUG] [auth] Login fail attempt from 10.0.0.1
[2025-03-10 09:00:05] [ERROR] [kernel] error in memory allocator fail
[2025-03-10 09:00:06] [WARN] [nginx] timeout on connection pool
[2025-03-10 09:00:07] [INVALID_LEVEL] [kernel] This line must be skipped
this line has no format at all
[2025-03-10 09:00:08] [INFO] [disk] timeout reached for disk flush
[2025-03-10 09:00:09] [ERROR] [auth] Authentication error kill session
[2025-03-10 09:00:10] [DEBUG] [nginx] Debug timeout check passed[2025-03-10 09:00:01] [ERROR] [nginx] Connection fail on upstream server
[2025-03-10 09:00:02] [WARN] [disk] Disk error reading sector 1024
[2025-03-10 09:00:03] [INFO] [kernel] System timeout after 30s
[2025-03-10 09:00:04] [DEBUG] [auth] Login fail attempt from 10.0.0.1
[2025-03-10 09:00:05] [ERROR] [kernel] error in memory allocator fail
[2025-03-10 09:00:06] [WARN] [nginx] timeout on connection pool
[2025-03-10 09:00:07] [INVALID_LEVEL] [kernel] This line must be skipped
this line has no format at all
[2025-03-10 09:00:08] [INFO] [disk] timeout reached for disk flush
[2025-03-10 09:00:09] [ERROR] [auth] Authentication error kill session
[2025-03-10 09:00:10] [DEBUG] [nginx] Debug timeout check passed[2025-03-10 09:00:01] [ERROR] [nginx] Connection fail on upstream server
[2025-03-10 09:00:02] [WARN] [disk] Disk error reading sector 1024
[2025-03-10 09:00:03] [INFO] [kernel] System timeout after 30s
[2025-03-10 09:00:04] [DEBUG] [auth] Login fail attempt from 10.0.0.1
[2025-03-10 09:00:05] [ERROR] [kernel] error in memory allocator fail
[2025-03-10 09:00:06] [WARN] [nginx] timeout on connection pool
[2025-03-10 09:00:07] [INVALID_LEVEL] [kernel] This line must be skipped
this line has no format at all
[2025-03-10 09:00:08] [INFO] [disk] timeout reached for disk flush
[2025-03-10 09:00:09] [ERROR] [auth] Authentication error kill session
[2025-03-10 09:00:10] [DEBUG] [nginx] Debug timeout check passed[2025-03-10 09:00:01] [ERROR] [nginx] Connection fail on upstream server
[2025-03-10 09:00:02] [WARN] [disk] Disk error reading sector 1024
[2025-03-10 09:00:03] [INFO] [kernel] System timeout after 30s
[2025-03-10 09:00:04] [DEBUG] [auth] Login fail attempt from 10.0.0.1
[2025-03-10 09:00:05] [ERROR] [kernel] error in memory allocator fail
[2025-03-10 09:00:06] [WARN] [nginx] timeout on connection pool
[2025-03-10 09:00:07] [INVALID_LEVEL] [kernel] This line must be skipped
this line has no format at all
[2025-03-10 09:00:08] [INFO] [disk] timeout reached for disk flush
[2025-03-10 09:00:09] [ERROR] [auth] Authentication error kill session
[2025-03-10 09:00:10] [DEBUG] [nginx] Debug timeout check passed[2025-03-10 09:00:01] [ERROR] [nginx] Connection fail on upstream server
[2025-03-10 09:00:02] [WARN] [disk] Disk error reading sector 1024
[2025-03-10 09:00:03] [INFO] [kernel] System timeout after 30s
[2025-03-10 09:00:04] [DEBUG] [auth] Login fail attempt from 10.0.0.1
[2025-03-10 09:00:05] [ERROR] [kernel] error in memory allocator fail
[2025-03-10 09:00:06] [WARN] [nginx] timeout on connection pool
[2025-03-10 09:00:07] [INVALID_LEVEL] [kernel] This line must be skipped
this line has no format at all
[2025-03-10 09:00:08] [INFO] [disk] timeout reached for disk flush
[2025-03-10 09:00:09] [ERROR] [auth] Authentication error kill session
[2025-03-10 09:00:10] [DEBUG] [nginx] Debug timeout check passed[2025-03-10 09:00:01] [ERROR] [nginx] Connection fail on upstream server
[2025-03-10 09:00:02] [WARN] [disk] Disk error reading sector 1024
[2025-03-10 09:00:03] [INFO] [kernel] System timeout after 30s
[2025-03-10 09:00:04] [DEBUG] [auth] Login fail attempt from 10.0.0.1
[2025-03-10 09:00:05] [ERROR] [kernel] error in memory allocator fail
[2025-03-10 09:00:06] [WARN] [nginx] timeout on connection pool
[2025-03-10 09:00:07] [INVALID_LEVEL] [kernel] This line must be skipped
this line has no format at all
[2025-03-10 09:00:08] [INFO] [disk] timeout reached for disk flush
[2025-03-10 09:00:09] [ERROR] [auth] Authentication error kill session
[2025-03-10 09:00:10] [DEBUG] [nginx] Debug timeout check passed[2025-03-10 09:00:01] [ERROR] [nginx] Connection fail on upstream server
[2025-03-10 09:00:02] [WARN] [disk] Disk error reading sector 1024
[2025-03-10 09:00:03] [INFO] [kernel] System timeout after 30s
[2025-03-10 09:00:04] [DEBUG] [auth] Login fail attempt from 10.0.0.1
[2025-03-10 09:00:05] [ERROR] [kernel] error in memory allocator fail
[2025-03-10 09:00:06] [WARN] [nginx] timeout on connection pool
[2025-03-10 09:00:07] [INVALID_LEVEL] [kernel] This line must be skipped
this line has no format at all
[2025-03-10 09:00:08] [INFO] [disk] timeout reached for disk flush
[2025-03-10 09:00:09] [ERROR] [auth] Authentication error kill session
[2025-03-10 09:00:10] [DEBUG] [nginx] Debug timeout check passed[2025-03-10 09:00:01] [ERROR] [nginx] Connection fail on upstream server
[2025-03-10 09:00:02] [WARN] [disk] Disk error reading sector 1024
[2025-03-10 09:00:03] [INFO] [kernel] System timeout after 30s
[2025-03-10 09:00:04] [DEBUG] [auth] Login fail attempt from 10.0.0.1
[2025-03-10 09:00:05] [ERROR] [kernel] error in memory allocator fail
[2025-03-10 09:00:06] [WARN] [nginx] timeout on connection pool
[2025-03-10 09:00:07] [INVALID_LEVEL] [kernel] This line must be skipped
this line has no format at all
[2025-03-10 09:00:08] [INFO] [disk] timeout reached for disk flush
[2025-03-10 09:00:09] [ERROR] [auth] Authentication error kill session
[2025-03-10 09:00:10] [DEBUG] [nginx] Debug timeout check passed[2025-03-10 09:00:01] [ERROR] [nginx] Connection fail on upstream server
[2025-03-10 09:00:02] [WARN] [disk] Disk error reading sector 1024
[2025-03-10 09:00:03] [INFO] [kernel] System timeout after 30s
[2025-03-10 09:00:04] [DEBUG] [auth] Login fail attempt from 10.0.0.1
[2025-03-10 09:00:05] [ERROR] [kernel] error in memory allocator fail
[2025-03-10 09:00:06] [WARN] [nginx] timeout on connection pool
[2025-03-10 09:00:07] [INVALID_LEVEL] [kernel] This line must be skipped
this line has no format at all
[2025-03-10 09:00:08] [INFO] [disk] timeout reached for disk flush
[2025-03-10 09:00:09] [ERROR] [auth] Authentication error kill session
[2025-03-10 09:00:10] [DEBUG] [nginx] Debug timeout check passed[2025-03-10 09:00:01] [ERROR] [nginx] Connection fail on upstream server
[2025-03-10 09:00:02] [WARN] [disk] Disk error reading sector 1024
[2025-03-10 09:00:03] [INFO] [kernel] System timeout after 30s
[2025-03-10 09:00:04] [DEBUG] [auth] Login fail attempt from 10.0.0.1
[2025-03-10 09:00:05] [ERROR] [kernel] error in memory allocator fail
[2025-03-10 09:00:06] [WARN] [nginx] timeout on connection pool
[2025-03-10 09:00:07] [INVALID_LEVEL] [kernel] This line must be skipped
this line has no format at all
[2025-03-10 09:00:08] [INFO] [disk] timeout reached for disk flush
[2025-03-10 09:00:09] [ERROR] [auth] Authentication error kill session
[2025-03-10 09:00:10] [DEBUG] [nginx] Debug timeout check passed[2025-03-10 09:00:01] [ERROR] [nginx] Connection fail on upstream server
[2025-03-10 09:00:02] [WARN] [disk] Disk error reading sector 1024
[2025-03-10 09:00:03] [INFO] [kernel] System timeout after 30s
[2025-03-10 09:00:04] [DEBUG] [auth] Login fail attempt from 10.0.0.1
[2025-03-10 09:00:05] [ERROR] [kernel] error in memory allocator fail
[2025-03-10 09:00:06] [WARN] [nginx] timeout on connection pool
[2025-03-10 09:00:07] [INVALID_LEVEL] [kernel] This line must be skipped
this line has no format at all
[2025-03-10 09:00:08] [INFO] [disk] timeout reached for disk flush
[2025-03-10 09:00:09] [ERROR] [auth] Authentication error kill session
[2025-03-10 09:00:10] [DEBUG] [nginx] Debug timeout check passed[2025-03-10 09:00:01] [ERROR] [nginx] Connection fail on upstream server
[2025-03-10 09:00:02] [WARN] [disk] Disk error reading sector 1024
[2025-03-10 09:00:03] [INFO] [kernel] System timeout after 30s
[2025-03-10 09:00:04] [DEBUG] [auth] Login fail attempt from 10.0.0.1
[2025-03-10 09:00:05] [ERROR] [kernel] error in memory allocator fail
[2025-03-10 09:00:06] [WARN] [nginx] timeout on connection pool
[2025-03-10 09:00:07] [INVALID_LEVEL] [kernel] This line must be skipped
this line has no format at all
[2025-03-10 09:00:08] [INFO] [disk] timeout reached for disk flush
[2025-03-10 09:00:09] [ERROR] [auth] Authentication error kill session
[2025-03-10 09:00:10] [DEBUG] [nginx] Debug timeout check passed[2025-03-10 09:00:01] [ERROR] [nginx] Connection fail on upstream server
[2025-03-10 09:00:02] [WARN] [disk] Disk error reading sector 1024
[2025-03-10 09:00:03] [INFO] [kernel] System timeout after 30s
[2025-03-10 09:00:04] [DEBUG] [auth] Login fail attempt from 10.0.0.1
[2025-03-10 09:00:05] [ERROR] [kernel] error in memory allocator fail
[2025-03-10 09:00:06] [WARN] [nginx] timeout on connection pool
[2025-03-10 09:00:07] [INVALID_LEVEL] [kernel] This line must be skipped
this line has no format at all
[2025-03-10 09:00:08] [INFO] [disk] timeout reached for disk flush
[2025-03-10 09:00:09] [ERROR] [auth] Authentication error kill session
[2025-03-10 09:00:10] [DEBUG] [nginx] Debug timeout check passed[2025-03-10 09:00:01] [ERROR] [nginx] Connection fail on upstream server
[2025-03-10 09:00:02] [WARN] [disk] Disk error reading sector 1024
[2025-03-10 09:00:03] [INFO] [kernel] System timeout after 30s
[2025-03-10 09:00:04] [DEBUG] [auth] Login fail attempt from 10.0.0.1
[2025-03-10 09:00:05] [ERROR] [kernel] error in memory allocator fail
[2025-03-10 09:00:06] [WARN] [nginx] timeout on connection pool
[2025-03-10 09:00:07] [INVALID_LEVEL] [kernel] This line must be skipped
this line has no format at all
[2025-03-10 09:00:08] [INFO] [disk] timeout reached for disk flush
[2025-03-10 09:00:09] [ERROR] [auth] Authentication error kill session
[2025-03-10 09:00:10] [DEBUG] [nginx] Debug timeout check passed[2025-03-10 09:00:01] [ERROR] [nginx] Connection fail on upstream server
[2025-03-10 09:00:02] [WARN] [disk] Disk error reading sector 1024
[2025-03-10 09:00:03] [INFO] [kernel] System timeout after 30s
[2025-03-10 09:00:04] [DEBUG] [auth] Login fail attempt from 10.0.0.1
[2025-03-10 09:00:05] [ERROR] [kernel] error in memory allocator fail
[2025-03-10 09:00:06] [WARN] [nginx] timeout on connection pool
[2025-03-10 09:00:07] [INVALID_LEVEL] [kernel] This line must be skipped
this line has no format at all
[2025-03-10 09:00:08] [INFO] [disk] timeout reached for disk flush
[2025-03-10 09:00:09] [ERROR] [auth] Authentication error kill session
[2025-03-10 09:00:10] [DEBUG] [nginx] Debug timeout check passed[2025-03-10 09:00:01] [ERROR] [nginx] Connection fail on upstream server
[2025-03-10 09:00:02] [WARN] [disk] Disk error reading sector 1024
[2025-03-10 09:00:03] [INFO] [kernel] System timeout after 30s
[2025-03-10 09:00:04] [DEBUG] [auth] Login fail attempt from 10.0.0.1
[2025-03-10 09:00:05] [ERROR] [kernel] error in memory allocator fail
[2025-03-10 09:00:06] [WARN] [nginx] timeout on connection pool
[2025-03-10 09:00:07] [INVALID_LEVEL] [kernel] This line must be skipped
this line has no format at all
[2025-03-10 09:00:08] [INFO] [disk] timeout reached for disk flush
[2025-03-10 09:00:09] [ERROR] [auth] Authentication error kill session
[2025-03-10 09:00:10] [DEBUG] [nginx] Debug timeout check passed[2025-03-10 09:00:01] [ERROR] [nginx] Connection fail on upstream server
[2025-03-10 09:00:02] [WARN] [disk] Disk error reading sector 1024
[2025-03-10 09:00:03] [INFO] [kernel] System timeout after 30s
[2025-03-10 09:00:04] [DEBUG] [auth] Login fail attempt from 10.0.0.1
[2025-03-10 09:00:05] [ERROR] [kernel] error in memory allocator fail
[2025-03-10 09:00:06] [WARN] [nginx] timeout on connection pool
[2025-03-10 09:00:07] [INVALID_LEVEL] [kernel] This line must be skipped
this line has no format at all
[2025-03-10 09:00:08] [INFO] [disk] timeout reached for disk flush
[2025-03-10 09:00:09] [ERROR] [auth] Authentication error kill session
[2025-03-10 09:00:10] [DEBUG] [nginx] Debug timeout check passed[2025-03-10 10:00:01] [ERROR] [kernel] kill signal received from PID 999
[2025-03-10 10:00:02] [WARN] [auth] fail to verify token after 3 attempts
[2025-03-10 10:00:03] [INFO] [nginx] Request timeout after 30s
[2025-03-10 10:00:04] [DEBUG] [disk] Sector read ok
[2025-03-10 10:00:05] [ERROR] [nginx] fail to connect upstream error detected
[2025-03-10 10:00:06] [WARN] [kernel] Memory pressure warning kill candidate
[2025-03-10 10:00:07] [INFO] [auth] Session established for user admin
[2025-03-10 10:00:08] [DEBUG] [kernel] Debug: error code 404 in handler
[2025-03-10 10:00:09] [ERROR] [auth] Login error fail detected kill session
[2025-03-10 10:00:10] [WARN] [nginx] Upstream fail warning[2025-03-10 10:00:01] [ERROR] [kernel] kill signal received from PID 999
[2025-03-10 10:00:02] [WARN] [auth] fail to verify token after 3 attempts
[2025-03-10 10:00:03] [INFO] [nginx] Request timeout after 30s
[2025-03-10 10:00:04] [DEBUG] [disk] Sector read ok
[2025-03-10 10:00:05] [ERROR] [nginx] fail to connect upstream error detected
[2025-03-10 10:00:06] [WARN] [kernel] Memory pressure warning kill candidate
[2025-03-10 10:00:07] [INFO] [auth] Session established for user admin
[2025-03-10 10:00:08] [DEBUG] [kernel] Debug: error code 404 in handler
[2025-03-10 10:00:09] [ERROR] [auth] Login error fail detected kill session
[2025-03-10 10:00:10] [WARN] [nginx] Upstream fail warning[2025-03-10 10:00:01] [ERROR] [kernel] kill signal received from PID 999
[2025-03-10 10:00:02] [WARN] [auth] fail to verify token after 3 attempts
[2025-03-10 10:00:03] [INFO] [nginx] Request timeout after 30s
[2025-03-10 10:00:04] [DEBUG] [disk] Sector read ok
[2025-03-10 10:00:05] [ERROR] [nginx] fail to connect upstream error detected
[2025-03-10 10:00:06] [WARN] [kernel] Memory pressure warning kill candidate
[2025-03-10 10:00:07] [INFO] [auth] Session established for user admin
[2025-03-10 10:00:08] [DEBUG] [kernel] Debug: error code 404 in handler
[2025-03-10 10:00:09] [ERROR] [auth] Login error fail detected kill session
[2025-03-10 10:00:10] [WARN] [nginx] Upstream fail warning[2025-03-10 10:00:01] [ERROR] [kernel] kill signal received from PID 999
[2025-03-10 10:00:02] [WARN] [auth] fail to verify token after 3 attempts
[2025-03-10 10:00:03] [INFO] [nginx] Request timeout after 30s
[2025-03-10 10:00:04] [DEBUG] [disk] Sector read ok
[2025-03-10 10:00:05] [ERROR] [nginx] fail to connect upstream error detected
[2025-03-10 10:00:06] [WARN] [kernel] Memory pressure warning kill candidate
[2025-03-10 10:00:07] [INFO] [auth] Session established for user admin
[2025-03-10 10:00:08] [DEBUG] [kernel] Debug: error code 404 in handler
[2025-03-10 10:00:09] [ERROR] [auth] Login error fail detected kill session
[2025-03-10 10:00:10] [WARN] [nginx] Upstream fail warning[2025-03-10 10:00:01] [ERROR] [kernel] kill signal received from PID 999
[2025-03-10 10:00:02] [WARN] [auth] fail to verify token after 3 attempts
[2025-03-10 10:00:03] [INFO] [nginx] Request timeout after 30s
[2025-03-10 10:00:04] [DEBUG] [disk] Sector read ok
[2025-03-10 10:00:05] [ERROR] [nginx] fail to connect upstream error detected
[2025-03-10 10:00:06] [WARN] [kernel] Memory pressure warning kill candidate
[2025-03-10 10:00:07] [INFO] [auth] Session established for user admin
[2025-03-10 10:00:08] [DEBUG] [kernel] Debug: error code 404 in handler
[2025-03-10 10:00:09] [ERROR] [auth] Login error fail detected kill session
[2025-03-10 10:00:10] [WARN] [nginx] Upstream fail warning[2025-03-10 10:00:01] [ERROR] [kernel] kill signal received from PID 999
[2025-03-10 10:00:02] [WARN] [auth] fail to verify token after 3 attempts
[2025-03-10 10:00:03] [INFO] [nginx] Request timeout after 30s
[2025-03-10 10:00:04] [DEBUG] [disk] Sector read ok
[2025-03-10 10:00:05] [ERROR] [nginx] fail to connect upstream error detected
[2025-03-10 10:00:06] [WARN] [kernel] Memory pressure warning kill candidate
[2025-03-10 10:00:07] [INFO] [auth] Session established for user admin
[2025-03-10 10:00:08] [DEBUG] [kernel] Debug: error code 404 in handler
[2025-03-10 10:00:09] [ERROR] [auth] Login error fail detected kill session
[2025-03-10 10:00:10] [WARN] [nginx] Upstream fail warning[2025-03-10 10:00:01] [ERROR] [kernel] kill signal received from PID 999
[2025-03-10 10:00:02] [WARN] [auth] fail to verify token after 3 attempts
[2025-03-10 10:00:03] [INFO] [nginx] Request timeout after 30s
[2025-03-10 10:00:04] [DEBUG] [disk] Sector read ok
[2025-03-10 10:00:05] [ERROR] [nginx] fail to connect upstream error detected
[2025-03-10 10:00:06] [WARN] [kernel] Memory pressure warning kill candidate
[2025-03-10 10:00:07] [INFO] [auth] Session established for user admin
[2025-03-10 10:00:08] [DEBUG] [kernel] Debug: error code 404 in handler
[2025-03-10 10:00:09] [ERROR] [auth] Login error fail detected kill session
[2025-03-10 10:00:10] [WARN] [nginx] Upstream fail warning[2025-03-10 10:00:01] [ERROR] [kernel] kill signal received from PID 999
[2025-03-10 10:00:02] [WARN] [auth] fail to verify token after 3 attempts
[2025-03-10 10:00:03] [INFO] [nginx] Request timeout after 30s
[2025-03-10 10:00:04] [DEBUG] [disk] Sector read ok
[2025-03-10 10:00:05] [ERROR] [nginx] fail to connect upstream error detected
[2025-03-10 10:00:06] [WARN] [kernel] Memory pressure warning kill candidate
[2025-03-10 10:00:07] [INFO] [auth] Session established for user admin
[2025-03-10 10:00:08] [DEBUG] [kernel] Debug: error code 404 in handler
[2025-03-10 10:00:09] [ERROR] [auth] Login error fail detected kill session
[2025-03-10 10:00:10] [WARN] [nginx] Upstream fail warning[2025-03-10 10:00:01] [ERROR] [kernel] kill signal received from PID 999
[2025-03-10 10:00:02] [WARN] [auth] fail to verify token after 3 attempts
[2025-03-10 10:00:03] [INFO] [nginx] Request timeout after 30s
[2025-03-10 10:00:04] [DEBUG] [disk] Sector read ok
[2025-03-10 10:00:05] [ERROR] [nginx] fail to connect upstream error detected
[2025-03-10 10:00:06] [WARN] [kernel] Memory pressure warning kill candidate
[2025-03-10 10:00:07] [INFO] [auth] Session established for user admin
[2025-03-10 10:00:08] [DEBUG] [kernel] Debug: error code 404 in handler
[2025-03-10 10:00:09] [ERROR] [auth] Login error fail detected kill session
[2025-03-10 10:00:10] [WARN] [nginx] Upstream fail warning[2025-03-10 10:00:01] [ERROR] [kernel] kill signal received from PID 999
[2025-03-10 10:00:02] [WARN] [auth] fail to verify token after 3 attempts
[2025-03-10 10:00:03] [INFO] [nginx] Request timeout after 30s
[2025-03-10 10:00:04] [DEBUG] [disk] Sector read ok
[2025-03-10 10:00:05] [ERROR] [nginx] fail to connect upstream error detected
[2025-03-10 10:00:06] [WARN] [kernel] Memory pressure warning kill candidate
[2025-03-10 10:00:07] [INFO] [auth] Session established for user admin
[2025-03-10 10:00:08] [DEBUG] [kernel] Debug: error code 404 in handler
[2025-03-10 10:00:09] [ERROR] [auth] Login error fail detected kill session
[2025-03-10 10:00:10] [WARN] [nginx] Upstream fail warning[2025-03-10 10:00:01] [ERROR] [kernel] kill signal received from PID 999
[2025-03-10 10:00:02] [WARN] [auth] fail to verify token after 3 attempts
[2025-03-10 10:00:03] [INFO] [nginx] Request timeout after 30s
[2025-03-10 10:00:04] [DEBUG] [disk] Sector read ok
[2025-03-10 10:00:05] [ERROR] [nginx] fail to connect upstream error detected
[2025-03-10 10:00:06] [WARN] [kernel] Memory pressure warning kill candidate
[2025-03-10 10:00:07] [INFO] [auth] Session established for user admin
[2025-03-10 10:00:08] [DEBUG] [kernel] Debug: error code 404 in handler
[2025-03-10 10:00:09] [ERROR] [auth] Login error fail detected kill session
[2025-03-10 10:00:10] [WARN] [nginx] Upstream fail warning[2025-03-10 10:00:01] [ERROR] [kernel] kill signal received from PID 999
[2025-03-10 10:00:02] [WARN] [auth] fail to verify token after 3 attempts
[2025-03-10 10:00:03] [INFO] [nginx] Request timeout after 30s
[2025-03-10 10:00:04] [DEBUG] [disk] Sector read ok
[2025-03-10 10:00:05] [ERROR] [nginx] fail to connect upstream error detected
[2025-03-10 10:00:06] [WARN] [kernel] Memory pressure warning kill candidate
[2025-03-10 10:00:07] [INFO] [auth] Session established for user admin
[2025-03-10 10:00:08] [DEBUG] [kernel] Debug: error code 404 in handler
[2025-03-10 10:00:09] [ERROR] [auth] Login error fail detected kill session
[2025-03-10 10:00:10] [WARN] [nginx] Upstream fail warning[2025-03-10 10:00:01] [ERROR] [kernel] kill signal received from PID 999
[2025-03-10 10:00:02] [WARN] [auth] fail to verify token after 3 attempts
[2025-03-10 10:00:03] [INFO] [nginx] Request timeout after 30s
[2025-03-10 10:00:04] [DEBUG] [disk] Sector read ok
[2025-03-10 10:00:05] [ERROR] [nginx] fail to connect upstream error detected
[2025-03-10 10:00:06] [WARN] [kernel] Memory pressure warning kill candidate
[2025-03-10 10:00:07] [INFO] [auth] Session established for user admin
[2025-03-10 10:00:08] [DEBUG] [kernel] Debug: error code 404 in handler
[2025-03-10 10:00:09] [ERROR] [auth] Login error fail detected kill session
[2025-03-10 10:00:10] [WARN] [nginx] Upstream fail warning[2025-03-10 10:00:01] [ERROR] [kernel] kill signal received from PID 999
[2025-03-10 10:00:02] [WARN] [auth] fail to verify token after 3 attempts
[2025-03-10 10:00:03] [INFO] [nginx] Request timeout after 30s
[2025-03-10 10:00:04] [DEBUG] [disk] Sector read ok
[2025-03-10 10:00:05] [ERROR] [nginx] fail to connect upstream error detected
[2025-03-10 10:00:06] [WARN] [kernel] Memory pressure warning kill candidate
[2025-03-10 10:00:07] [INFO] [auth] Session established for user admin
[2025-03-10 10:00:08] [DEBUG] [kernel] Debug: error code 404 in handler
[2025-03-10 10:00:09] [ERROR] [auth] Login error fail detected kill session
[2025-03-10 10:00:10] [WARN] [nginx] Upstream fail warning[2025-03-10 10:00:01] [ERROR] [kernel] kill signal received from PID 999
[2025-03-10 10:00:02] [WARN] [auth] fail to verify token after 3 attempts
[2025-03-10 10:00:03] [INFO] [nginx] Request timeout after 30s
[2025-03-10 10:00:04] [DEBUG] [disk] Sector read ok
[2025-03-10 10:00:05] [ERROR] [nginx] fail to connect upstream error detected
[2025-03-10 10:00:06] [WARN] [kernel] Memory pressure warning kill candidate
[2025-03-10 10:00:07] [INFO] [auth] Session established for user admin
[2025-03-10 10:00:08] [DEBUG] [kernel] Debug: error code 404 in handler
[2025-03-10 10:00:09] [ERROR] [auth] Login error fail detected kill session
[2025-03-10 10:00:10] [WARN] [nginx] Upstream fail warning[2025-03-10 10:00:01] [ERROR] [kernel] kill signal received from PID 999
[2025-03-10 10:00:02] [WARN] [auth] fail to verify token after 3 attempts
[2025-03-10 10:00:03] [INFO] [nginx] Request timeout after 30s
[2025-03-10 10:00:04] [DEBUG] [disk] Sector read ok
[2025-03-10 10:00:05] [ERROR] [nginx] fail to connect upstream error detected
[2025-03-10 10:00:06] [WARN] [kernel] Memory pressure warning kill candidate
[2025-03-10 10:00:07] [INFO] [auth] Session established for user admin
[2025-03-10 10:00:08] [DEBUG] [kernel] Debug: error code 404 in handler
[2025-03-10 10:00:09] [ERROR] [auth] Login error fail detected kill session
[2025-03-10 10:00:10] [WARN] [nginx] Upstream fail warning[2025-03-10 10:00:01] [ERROR] [kernel] kill signal received from PID 999
[2025-03-10 10:00:02] [WARN] [auth] fail to verify token after 3 attempts
[2025-03-10 10:00:03] [INFO] [nginx] Request timeout after 30s
[2025-03-10 10:00:04] [DEBUG] [disk] Sector read ok
[2025-03-10 10:00:05] [ERROR] [nginx] fail to connect upstream error detected
[2025-03-10 10:00:06] [WARN] [kernel] Memory pressure warning kill candidate
[2025-03-10 10:00:07] [INFO] [auth] Session established for user admin
[2025-03-10 10:00:08] [DEBUG] [kernel] Debug: error code 404 in handler
[2025-03-10 10:00:09] [ERROR] [auth] Login error fail detected kill session
[2025-03-10 10:00:10] [WARN] [nginx] Upstream fail warning[2025-03-10 10:00:01] [ERROR] [kernel] kill signal received from PID 999
[2025-03-10 10:00:02] [WARN] [auth] fail to verify token after 3 attempts
[2025-03-10 10:00:03] [INFO] [nginx] Request timeout after 30s
[2025-03-10 10:00:04] [DEBUG] [disk] Sector read ok
[2025-03-10 10:00:05] [ERROR] [nginx] fail to connect upstream error detected
[2025-03-10 10:00:06] [WARN] [kernel] Memory pressure warning kill candidate
[2025-03-10 10:00:07] [INFO] [auth] Session established for user admin
[2025-03-10 10:00:08] [DEBUG] [kernel] Debug: error code 404 in handler
[2025-03-10 10:00:09] [ERROR] [auth] Login error fail detected kill session
[2025-03-10 10:00:10] [WARN] [nginx] Upstream fail warning[2025-03-10 10:00:01] [ERROR] [kernel] kill signal received from PID 999
[2025-03-10 10:00:02] [WARN] [auth] fail to verify token after 3 attempts
[2025-03-10 10:00:03] [INFO] [nginx] Request timeout after 30s
[2025-03-10 10:00:04] [DEBUG] [disk] Sector read ok
[2025-03-10 10:00:05] [ERROR] [nginx] fail to connect upstream error detected
[2025-03-10 10:00:06] [WARN] [kernel] Memory pressure warning kill candidate
[2025-03-10 10:00:07] [INFO] [auth] Session established for user admin
[2025-03-10 10:00:08] [DEBUG] [kernel] Debug: error code 404 in handler
[2025-03-10 10:00:09] [ERROR] [auth] Login error fail detected kill session
[2025-03-10 10:00:10] [WARN] [nginx] Upstream fail warning[2025-03-10 10:00:01] [ERROR] [kernel] kill signal received from PID 999
[2025-03-10 10:00:02] [WARN] [auth] fail to verify token after 3 attempts
[2025-03-10 10:00:03] [INFO] [nginx] Request timeout after 30s
[2025-03-10 10:00:04] [DEBUG] [disk] Sector read ok
[2025-03-10 10:00:05] [ERROR] [nginx] fail to connect upstream error detected
[2025-03-10 10:00:06] [WARN] [kernel] Memory pressure warning kill candidate
[2025-03-10 10:00:07] [INFO] [auth] Session established for user admin
[2025-03-10 10:00:08] [DEBUG] [kernel] Debug: error code 404 in handler
[2025-03-10 10:00:09] [ERROR] [auth] Login error fail detected kill session
[2025-03-10 10:00:10] [WARN] [nginx] Upstream fail warning